<?xml version="1.0" encoding="UTF-8"?>
<testsuite xmlns:xsi="http://www.w3.org/2001/XMLSchema-instance" xsi:noNamespaceSchemaLocation="https://maven.apache.org/surefire/maven-surefire-plugin/xsd/surefire-test-report-3.0.xsd" version="3.0" name="xyz.staffjoy.common.crypto.SignTest" time="1.377" tests="1" errors="0" skipped="0" failures="0">
  <properties>
    <property name="sun.desktop" value="windows"/>
    <property name="awt.toolkit" value="sun.awt.windows.WToolkit"/>
    <property name="file.encoding.pkg" value="sun.io"/>
    <property name="java.specification.version" value="1.8"/>
    <property name="sun.cpu.isalist" value="amd64"/>
    <property name="sun.jnu.encoding" value="GBK"/>
    <property name="java.class.path" value="D:\ASS\staffjoy-master\common-lib\target\test-classes;D:\ASS\staffjoy-master\common-lib\target\classes;D:\programs_English_path\Maven\maven-repository\org\springframework\boot\spring-boot-starter-web\2.1.2.RELEASE\spring-boot-starter-web-2.1.2.RELEASE.jar;D:\programs_English_path\Maven\maven-repository\org\springframework\boot\spring-boot-starter\2.1.2.RELEASE\spring-boot-starter-2.1.2.RELEASE.jar;D:\programs_English_path\Maven\maven-repository\org\springframework\boot\spring-boot-starter-logging\2.1.2.RELEASE\spring-boot-starter-logging-2.1.2.RELEASE.jar;D:\programs_English_path\Maven\maven-repository\ch\qos\logback\logback-classic\1.2.3\logback-classic-1.2.3.jar;D:\programs_English_path\Maven\maven-repository\ch\qos\logback\logback-core\1.2.3\logback-core-1.2.3.jar;D:\programs_English_path\Maven\maven-repository\org\apache\logging\log4j\log4j-to-slf4j\2.11.1\log4j-to-slf4j-2.11.1.jar;D:\programs_English_path\Maven\maven-repository\org\apache\logging\log4j\log4j-api\2.11.1\log4j-api-2.11.1.jar;D:\programs_English_path\Maven\maven-repository\org\slf4j\jul-to-slf4j\1.7.25\jul-to-slf4j-1.7.25.jar;D:\programs_English_path\Maven\maven-repository\javax\annotation\javax.annotation-api\1.3.2\javax.annotation-api-1.3.2.jar;D:\programs_English_path\Maven\maven-repository\org\yaml\snakeyaml\1.23\snakeyaml-1.23.jar;D:\programs_English_path\Maven\maven-repository\org\springframework\boot\spring-boot-starter-json\2.1.2.RELEASE\spring-boot-starter-json-2.1.2.RELEASE.jar;D:\programs_English_path\Maven\maven-repository\com\fasterxml\jackson\datatype\jackson-datatype-jdk8\2.9.8\jackson-datatype-jdk8-2.9.8.jar;D:\programs_English_path\Maven\maven-repository\com\fasterxml\jackson\datatype\jackson-datatype-jsr310\2.9.8\jackson-datatype-jsr310-2.9.8.jar;D:\programs_English_path\Maven\maven-repository\com\fasterxml\jackson\module\jackson-module-parameter-names\2.9.8\jackson-module-parameter-names-2.9.8.jar;D:\programs_English_path\Maven\maven-repository\org\springframework\boot\spring-boot-starter-tomcat\2.1.2.RELEASE\spring-boot-starter-tomcat-2.1.2.RELEASE.jar;D:\programs_English_path\Maven\maven-repository\org\apache\tomcat\embed\tomcat-embed-core\9.0.14\tomcat-embed-core-9.0.14.jar;D:\programs_English_path\Maven\maven-repository\org\apache\tomcat\embed\tomcat-embed-el\9.0.14\tomcat-embed-el-9.0.14.jar;D:\programs_English_path\Maven\maven-repository\org\apache\tomcat\embed\tomcat-embed-websocket\9.0.14\tomcat-embed-websocket-9.0.14.jar;D:\programs_English_path\Maven\maven-repository\org\hibernate\validator\hibernate-validator\6.0.14.Final\hibernate-validator-6.0.14.Final.jar;D:\programs_English_path\Maven\maven-repository\javax\validation\validation-api\2.0.1.Final\validation-api-2.0.1.Final.jar;D:\programs_English_path\Maven\maven-repository\org\jboss\logging\jboss-logging\3.3.2.Final\jboss-logging-3.3.2.Final.jar;D:\programs_English_path\Maven\maven-repository\com\fasterxml\classmate\1.4.0\classmate-1.4.0.jar;D:\programs_English_path\Maven\maven-repository\org\springframework\spring-web\5.1.4.RELEASE\spring-web-5.1.4.RELEASE.jar;D:\programs_English_path\Maven\maven-repository\org\springframework\spring-beans\5.1.4.RELEASE\spring-beans-5.1.4.RELEASE.jar;D:\programs_English_path\Maven\maven-repository\org\springframework\spring-webmvc\5.1.4.RELEASE\spring-webmvc-5.1.4.RELEASE.jar;D:\programs_English_path\Maven\maven-repository\org\springframework\spring-aop\5.1.4.RELEASE\spring-aop-5.1.4.RELEASE.jar;D:\programs_English_path\Maven\maven-repository\org\springframework\spring-context\5.1.4.RELEASE\spring-context-5.1.4.RELEASE.jar;D:\programs_English_path\Maven\maven-repository\org\springframework\spring-expression\5.1.4.RELEASE\spring-expression-5.1.4.RELEASE.jar;D:\programs_English_path\Maven\maven-repository\org\springframework\cloud\spring-cloud-starter-openfeign\2.1.0.RELEASE\spring-cloud-starter-openfeign-2.1.0.RELEASE.jar;D:\programs_English_path\Maven\maven-repository\org\springframework\cloud\spring-cloud-starter\2.1.0.RELEASE\spring-cloud-starter-2.1.0.RELEASE.jar;D:\programs_English_path\Maven\maven-repository\org\springframework\cloud\spring-cloud-context\2.1.0.RELEASE\spring-cloud-context-2.1.0.RELEASE.jar;D:\programs_English_path\Maven\maven-repository\org\springframework\security\spring-security-rsa\1.0.7.RELEASE\spring-security-rsa-1.0.7.RELEASE.jar;D:\programs_English_path\Maven\maven-repository\org\bouncycastle\bcpkix-jdk15on\1.60\bcpkix-jdk15on-1.60.jar;D:\programs_English_path\Maven\maven-repository\org\bouncycastle\bcprov-jdk15on\1.60\bcprov-jdk15on-1.60.jar;D:\programs_English_path\Maven\maven-repository\org\springframework\cloud\spring-cloud-openfeign-core\2.1.0.RELEASE\spring-cloud-openfeign-core-2.1.0.RELEASE.jar;D:\programs_English_path\Maven\maven-repository\org\springframework\cloud\spring-cloud-netflix-ribbon\2.1.0.RELEASE\spring-cloud-netflix-ribbon-2.1.0.RELEASE.jar;D:\programs_English_path\Maven\maven-repository\org\springframework\cloud\spring-cloud-netflix-archaius\2.1.0.RELEASE\spring-cloud-netflix-archaius-2.1.0.RELEASE.jar;D:\programs_English_path\Maven\maven-repository\org\springframework\boot\spring-boot-starter-aop\2.1.2.RELEASE\spring-boot-starter-aop-2.1.2.RELEASE.jar;D:\programs_English_path\Maven\maven-repository\org\aspectj\aspectjweaver\1.9.2\aspectjweaver-1.9.2.jar;D:\programs_English_path\Maven\maven-repository\io\github\openfeign\form\feign-form-spring\3.5.0\feign-form-spring-3.5.0.jar;D:\programs_English_path\Maven\maven-repository\io\github\openfeign\form\feign-form\3.5.0\feign-form-3.5.0.jar;D:\programs_English_path\Maven\maven-repository\commons-fileupload\commons-fileupload\1.3.3\commons-fileupload-1.3.3.jar;D:\programs_English_path\Maven\maven-repository\commons-io\commons-io\2.2\commons-io-2.2.jar;D:\programs_English_path\Maven\maven-repository\org\springframework\cloud\spring-cloud-commons\2.1.0.RELEASE\spring-cloud-commons-2.1.0.RELEASE.jar;D:\programs_English_path\Maven\maven-repository\org\springframework\security\spring-security-crypto\5.1.3.RELEASE\spring-security-crypto-5.1.3.RELEASE.jar;D:\programs_English_path\Maven\maven-repository\io\github\openfeign\feign-core\10.1.0\feign-core-10.1.0.jar;D:\programs_English_path\Maven\maven-repository\io\github\openfeign\feign-slf4j\10.1.0\feign-slf4j-10.1.0.jar;D:\programs_English_path\Maven\maven-repository\io\github\openfeign\feign-hystrix\10.1.0\feign-hystrix-10.1.0.jar;D:\programs_English_path\Maven\maven-repository\com\netflix\archaius\archaius-core\0.7.6\archaius-core-0.7.6.jar;D:\programs_English_path\Maven\maven-repository\com\google\code\findbugs\jsr305\3.0.1\jsr305-3.0.1.jar;D:\programs_English_path\Maven\maven-repository\commons-configuration\commons-configuration\1.8\commons-configuration-1.8.jar;D:\programs_English_path\Maven\maven-repository\commons-lang\commons-lang\2.6\commons-lang-2.6.jar;D:\programs_English_path\Maven\maven-repository\com\google\guava\guava\16.0\guava-16.0.jar;D:\programs_English_path\Maven\maven-repository\com\netflix\hystrix\hystrix-core\1.5.18\hystrix-core-1.5.18.jar;D:\programs_English_path\Maven\maven-repository\io\reactivex\rxjava\1.3.8\rxjava-1.3.8.jar;D:\programs_English_path\Maven\maven-repository\org\springframework\boot\spring-boot-starter-actuator\2.1.2.RELEASE\spring-boot-starter-actuator-2.1.2.RELEASE.jar;D:\programs_English_path\Maven\maven-repository\org\springframework\boot\spring-boot-actuator-autoconfigure\2.1.2.RELEASE\spring-boot-actuator-autoconfigure-2.1.2.RELEASE.jar;D:\programs_English_path\Maven\maven-repository\org\springframework\boot\spring-boot-actuator\2.1.2.RELEASE\spring-boot-actuator-2.1.2.RELEASE.jar;D:\programs_English_path\Maven\maven-repository\io\micrometer\micrometer-core\1.1.2\micrometer-core-1.1.2.jar;D:\programs_English_path\Maven\maven-repository\org\hdrhistogram\HdrHistogram\2.1.9\HdrHistogram-2.1.9.jar;D:\programs_English_path\Maven\maven-repository\org\latencyutils\LatencyUtils\2.0.3\LatencyUtils-2.0.3.jar;D:\programs_English_path\Maven\maven-repository\io\sentry\sentry\1.7.17\sentry-1.7.17.jar;D:\programs_English_path\Maven\maven-repository\org\slf4j\slf4j-api\1.7.25\slf4j-api-1.7.25.jar;D:\programs_English_path\Maven\maven-repository\com\fasterxml\jackson\core\jackson-core\2.9.8\jackson-core-2.9.8.jar;D:\programs_English_path\Maven\maven-repository\structlog4j\structlog4j-api\1.0.0\structlog4j-api-1.0.0.jar;D:\programs_English_path\Maven\maven-repository\structlog4j\structlog4j-json\1.0.0\structlog4j-json-1.0.0.jar;D:\programs_English_path\Maven\maven-repository\org\glassfish\javax.json\1.1\javax.json-1.1.jar;D:\programs_English_path\Maven\maven-repository\org\modelmapper\modelmapper\2.3.3\modelmapper-2.3.3.jar;D:\programs_English_path\Maven\maven-repository\com\auth0\java-jwt\3.6.0\java-jwt-3.6.0.jar;D:\programs_English_path\Maven\maven-repository\com\fasterxml\jackson\core\jackson-databind\2.9.8\jackson-databind-2.9.8.jar;D:\programs_English_path\Maven\maven-repository\com\fasterxml\jackson\core\jackson-annotations\2.9.0\jackson-annotations-2.9.0.jar;D:\programs_English_path\Maven\maven-repository\commons-codec\commons-codec\1.11\commons-codec-1.11.jar;D:\programs_English_path\Maven\maven-repository\org\projectlombok\lombok\1.18.8\lombok-1.18.8.jar;D:\programs_English_path\Maven\maven-repository\org\springframework\boot\spring-boot-devtools\2.1.2.RELEASE\spring-boot-devtools-2.1.2.RELEASE.jar;D:\programs_English_path\Maven\maven-repository\org\springframework\boot\spring-boot\2.1.2.RELEASE\spring-boot-2.1.2.RELEASE.jar;D:\programs_English_path\Maven\maven-repository\org\springframework\boot\spring-boot-autoconfigure\2.1.2.RELEASE\spring-boot-autoconfigure-2.1.2.RELEASE.jar;D:\programs_English_path\Maven\maven-repository\org\springframework\boot\spring-boot-configuration-processor\2.1.2.RELEASE\spring-boot-configuration-processor-2.1.2.RELEASE.jar;D:\programs_English_path\Maven\maven-repository\org\springframework\boot\spring-boot-starter-test\2.1.2.RELEASE\spring-boot-starter-test-2.1.2.RELEASE.jar;D:\programs_English_path\Maven\maven-repository\org\springframework\boot\spring-boot-test\2.1.2.RELEASE\spring-boot-test-2.1.2.RELEASE.jar;D:\programs_English_path\Maven\maven-repository\org\springframework\boot\spring-boot-test-autoconfigure\2.1.2.RELEASE\spring-boot-test-autoconfigure-2.1.2.RELEASE.jar;D:\programs_English_path\Maven\maven-repository\com\jayway\jsonpath\json-path\2.4.0\json-path-2.4.0.jar;D:\programs_English_path\Maven\maven-repository\net\minidev\json-smart\2.3\json-smart-2.3.jar;D:\programs_English_path\Maven\maven-repository\net\minidev\accessors-smart\1.2\accessors-smart-1.2.jar;D:\programs_English_path\Maven\maven-repository\org\ow2\asm\asm\5.0.4\asm-5.0.4.jar;D:\programs_English_path\Maven\maven-repository\junit\junit\4.12\junit-4.12.jar;D:\programs_English_path\Maven\maven-repository\org\assertj\assertj-core\3.11.1\assertj-core-3.11.1.jar;D:\programs_English_path\Maven\maven-repository\org\mockito\mockito-core\2.23.4\mockito-core-2.23.4.jar;D:\programs_English_path\Maven\maven-repository\net\bytebuddy\byte-buddy\1.9.7\byte-buddy-1.9.7.jar;D:\programs_English_path\Maven\maven-repository\net\bytebuddy\byte-buddy-agent\1.9.7\byte-buddy-agent-1.9.7.jar;D:\programs_English_path\Maven\maven-repository\org\objenesis\objenesis\2.6\objenesis-2.6.jar;D:\programs_English_path\Maven\maven-repository\org\hamcrest\hamcrest-core\1.3\hamcrest-core-1.3.jar;D:\programs_English_path\Maven\maven-repository\org\hamcrest\hamcrest-library\1.3\hamcrest-library-1.3.jar;D:\programs_English_path\Maven\maven-repository\org\skyscreamer\jsonassert\1.5.0\jsonassert-1.5.0.jar;D:\programs_English_path\Maven\maven-repository\org\springframework\spring-core\5.1.4.RELEASE\spring-core-5.1.4.RELEASE.jar;D:\programs_English_path\Maven\maven-repository\org\springframework\spring-jcl\5.1.4.RELEASE\spring-jcl-5.1.4.RELEASE.jar;D:\programs_English_path\Maven\maven-repository\org\springframework\spring-test\5.1.4.RELEASE\spring-test-5.1.4.RELEASE.jar;D:\programs_English_path\Maven\maven-repository\org\xmlunit\xmlunit-core\2.6.2\xmlunit-core-2.6.2.jar;"/>
    <property name="java.vm.vendor" value="Oracle Corporation"/>
    <property name="sun.arch.data.model" value="64"/>
    <property name="user.variant" value=""/>
    <property name="java.vendor.url" value="http://java.oracle.com/"/>
    <property name="user.timezone" value="Asia/Shanghai"/>
    <property name="java.vm.specification.version" value="1.8"/>
    <property name="os.name" value="Windows 11"/>
    <property name="user.country" value="CN"/>
    <property name="sun.java.launcher" value="SUN_STANDARD"/>
    <property name="sun.boot.library.path" value="E:\Java\Java\jre\bin"/>
    <property name="sun.java.command" value="C:\Users\Lenovo\AppData\Local\Temp\surefire2712412487337132209\surefirebooter-20241016170537204_3.jar C:\Users\Lenovo\AppData\Local\Temp\surefire2712412487337132209 2024-10-16T17-05-23_237-jvmRun1 surefire-20241016170537204_1tmp surefire_0-20241016170537204_2tmp"/>
    <property name="surefire.test.class.path" value="D:\ASS\staffjoy-master\common-lib\target\test-classes;D:\ASS\staffjoy-master\common-lib\target\classes;D:\programs_English_path\Maven\maven-repository\org\springframework\boot\spring-boot-starter-web\2.1.2.RELEASE\spring-boot-starter-web-2.1.2.RELEASE.jar;D:\programs_English_path\Maven\maven-repository\org\springframework\boot\spring-boot-starter\2.1.2.RELEASE\spring-boot-starter-2.1.2.RELEASE.jar;D:\programs_English_path\Maven\maven-repository\org\springframework\boot\spring-boot-starter-logging\2.1.2.RELEASE\spring-boot-starter-logging-2.1.2.RELEASE.jar;D:\programs_English_path\Maven\maven-repository\ch\qos\logback\logback-classic\1.2.3\logback-classic-1.2.3.jar;D:\programs_English_path\Maven\maven-repository\ch\qos\logback\logback-core\1.2.3\logback-core-1.2.3.jar;D:\programs_English_path\Maven\maven-repository\org\apache\logging\log4j\log4j-to-slf4j\2.11.1\log4j-to-slf4j-2.11.1.jar;D:\programs_English_path\Maven\maven-repository\org\apache\logging\log4j\log4j-api\2.11.1\log4j-api-2.11.1.jar;D:\programs_English_path\Maven\maven-repository\org\slf4j\jul-to-slf4j\1.7.25\jul-to-slf4j-1.7.25.jar;D:\programs_English_path\Maven\maven-repository\javax\annotation\javax.annotation-api\1.3.2\javax.annotation-api-1.3.2.jar;D:\programs_English_path\Maven\maven-repository\org\yaml\snakeyaml\1.23\snakeyaml-1.23.jar;D:\programs_English_path\Maven\maven-repository\org\springframework\boot\spring-boot-starter-json\2.1.2.RELEASE\spring-boot-starter-json-2.1.2.RELEASE.jar;D:\programs_English_path\Maven\maven-repository\com\fasterxml\jackson\datatype\jackson-datatype-jdk8\2.9.8\jackson-datatype-jdk8-2.9.8.jar;D:\programs_English_path\Maven\maven-repository\com\fasterxml\jackson\datatype\jackson-datatype-jsr310\2.9.8\jackson-datatype-jsr310-2.9.8.jar;D:\programs_English_path\Maven\maven-repository\com\fasterxml\jackson\module\jackson-module-parameter-names\2.9.8\jackson-module-parameter-names-2.9.8.jar;D:\programs_English_path\Maven\maven-repository\org\springframework\boot\spring-boot-starter-tomcat\2.1.2.RELEASE\spring-boot-starter-tomcat-2.1.2.RELEASE.jar;D:\programs_English_path\Maven\maven-repository\org\apache\tomcat\embed\tomcat-embed-core\9.0.14\tomcat-embed-core-9.0.14.jar;D:\programs_English_path\Maven\maven-repository\org\apache\tomcat\embed\tomcat-embed-el\9.0.14\tomcat-embed-el-9.0.14.jar;D:\programs_English_path\Maven\maven-repository\org\apache\tomcat\embed\tomcat-embed-websocket\9.0.14\tomcat-embed-websocket-9.0.14.jar;D:\programs_English_path\Maven\maven-repository\org\hibernate\validator\hibernate-validator\6.0.14.Final\hibernate-validator-6.0.14.Final.jar;D:\programs_English_path\Maven\maven-repository\javax\validation\validation-api\2.0.1.Final\validation-api-2.0.1.Final.jar;D:\programs_English_path\Maven\maven-repository\org\jboss\logging\jboss-logging\3.3.2.Final\jboss-logging-3.3.2.Final.jar;D:\programs_English_path\Maven\maven-repository\com\fasterxml\classmate\1.4.0\classmate-1.4.0.jar;D:\programs_English_path\Maven\maven-repository\org\springframework\spring-web\5.1.4.RELEASE\spring-web-5.1.4.RELEASE.jar;D:\programs_English_path\Maven\maven-repository\org\springframework\spring-beans\5.1.4.RELEASE\spring-beans-5.1.4.RELEASE.jar;D:\programs_English_path\Maven\maven-repository\org\springframework\spring-webmvc\5.1.4.RELEASE\spring-webmvc-5.1.4.RELEASE.jar;D:\programs_English_path\Maven\maven-repository\org\springframework\spring-aop\5.1.4.RELEASE\spring-aop-5.1.4.RELEASE.jar;D:\programs_English_path\Maven\maven-repository\org\springframework\spring-context\5.1.4.RELEASE\spring-context-5.1.4.RELEASE.jar;D:\programs_English_path\Maven\maven-repository\org\springframework\spring-expression\5.1.4.RELEASE\spring-expression-5.1.4.RELEASE.jar;D:\programs_English_path\Maven\maven-repository\org\springframework\cloud\spring-cloud-starter-openfeign\2.1.0.RELEASE\spring-cloud-starter-openfeign-2.1.0.RELEASE.jar;D:\programs_English_path\Maven\maven-repository\org\springframework\cloud\spring-cloud-starter\2.1.0.RELEASE\spring-cloud-starter-2.1.0.RELEASE.jar;D:\programs_English_path\Maven\maven-repository\org\springframework\cloud\spring-cloud-context\2.1.0.RELEASE\spring-cloud-context-2.1.0.RELEASE.jar;D:\programs_English_path\Maven\maven-repository\org\springframework\security\spring-security-rsa\1.0.7.RELEASE\spring-security-rsa-1.0.7.RELEASE.jar;D:\programs_English_path\Maven\maven-repository\org\bouncycastle\bcpkix-jdk15on\1.60\bcpkix-jdk15on-1.60.jar;D:\programs_English_path\Maven\maven-repository\org\bouncycastle\bcprov-jdk15on\1.60\bcprov-jdk15on-1.60.jar;D:\programs_English_path\Maven\maven-repository\org\springframework\cloud\spring-cloud-openfeign-core\2.1.0.RELEASE\spring-cloud-openfeign-core-2.1.0.RELEASE.jar;D:\programs_English_path\Maven\maven-repository\org\springframework\cloud\spring-cloud-netflix-ribbon\2.1.0.RELEASE\spring-cloud-netflix-ribbon-2.1.0.RELEASE.jar;D:\programs_English_path\Maven\maven-repository\org\springframework\cloud\spring-cloud-netflix-archaius\2.1.0.RELEASE\spring-cloud-netflix-archaius-2.1.0.RELEASE.jar;D:\programs_English_path\Maven\maven-repository\org\springframework\boot\spring-boot-starter-aop\2.1.2.RELEASE\spring-boot-starter-aop-2.1.2.RELEASE.jar;D:\programs_English_path\Maven\maven-repository\org\aspectj\aspectjweaver\1.9.2\aspectjweaver-1.9.2.jar;D:\programs_English_path\Maven\maven-repository\io\github\openfeign\form\feign-form-spring\3.5.0\feign-form-spring-3.5.0.jar;D:\programs_English_path\Maven\maven-repository\io\github\openfeign\form\feign-form\3.5.0\feign-form-3.5.0.jar;D:\programs_English_path\Maven\maven-repository\commons-fileupload\commons-fileupload\1.3.3\commons-fileupload-1.3.3.jar;D:\programs_English_path\Maven\maven-repository\commons-io\commons-io\2.2\commons-io-2.2.jar;D:\programs_English_path\Maven\maven-repository\org\springframework\cloud\spring-cloud-commons\2.1.0.RELEASE\spring-cloud-commons-2.1.0.RELEASE.jar;D:\programs_English_path\Maven\maven-repository\org\springframework\security\spring-security-crypto\5.1.3.RELEASE\spring-security-crypto-5.1.3.RELEASE.jar;D:\programs_English_path\Maven\maven-repository\io\github\openfeign\feign-core\10.1.0\feign-core-10.1.0.jar;D:\programs_English_path\Maven\maven-repository\io\github\openfeign\feign-slf4j\10.1.0\feign-slf4j-10.1.0.jar;D:\programs_English_path\Maven\maven-repository\io\github\openfeign\feign-hystrix\10.1.0\feign-hystrix-10.1.0.jar;D:\programs_English_path\Maven\maven-repository\com\netflix\archaius\archaius-core\0.7.6\archaius-core-0.7.6.jar;D:\programs_English_path\Maven\maven-repository\com\google\code\findbugs\jsr305\3.0.1\jsr305-3.0.1.jar;D:\programs_English_path\Maven\maven-repository\commons-configuration\commons-configuration\1.8\commons-configuration-1.8.jar;D:\programs_English_path\Maven\maven-repository\commons-lang\commons-lang\2.6\commons-lang-2.6.jar;D:\programs_English_path\Maven\maven-repository\com\google\guava\guava\16.0\guava-16.0.jar;D:\programs_English_path\Maven\maven-repository\com\netflix\hystrix\hystrix-core\1.5.18\hystrix-core-1.5.18.jar;D:\programs_English_path\Maven\maven-repository\io\reactivex\rxjava\1.3.8\rxjava-1.3.8.jar;D:\programs_English_path\Maven\maven-repository\org\springframework\boot\spring-boot-starter-actuator\2.1.2.RELEASE\spring-boot-starter-actuator-2.1.2.RELEASE.jar;D:\programs_English_path\Maven\maven-repository\org\springframework\boot\spring-boot-actuator-autoconfigure\2.1.2.RELEASE\spring-boot-actuator-autoconfigure-2.1.2.RELEASE.jar;D:\programs_English_path\Maven\maven-repository\org\springframework\boot\spring-boot-actuator\2.1.2.RELEASE\spring-boot-actuator-2.1.2.RELEASE.jar;D:\programs_English_path\Maven\maven-repository\io\micrometer\micrometer-core\1.1.2\micrometer-core-1.1.2.jar;D:\programs_English_path\Maven\maven-repository\org\hdrhistogram\HdrHistogram\2.1.9\HdrHistogram-2.1.9.jar;D:\programs_English_path\Maven\maven-repository\org\latencyutils\LatencyUtils\2.0.3\LatencyUtils-2.0.3.jar;D:\programs_English_path\Maven\maven-repository\io\sentry\sentry\1.7.17\sentry-1.7.17.jar;D:\programs_English_path\Maven\maven-repository\org\slf4j\slf4j-api\1.7.25\slf4j-api-1.7.25.jar;D:\programs_English_path\Maven\maven-repository\com\fasterxml\jackson\core\jackson-core\2.9.8\jackson-core-2.9.8.jar;D:\programs_English_path\Maven\maven-repository\structlog4j\structlog4j-api\1.0.0\structlog4j-api-1.0.0.jar;D:\programs_English_path\Maven\maven-repository\structlog4j\structlog4j-json\1.0.0\structlog4j-json-1.0.0.jar;D:\programs_English_path\Maven\maven-repository\org\glassfish\javax.json\1.1\javax.json-1.1.jar;D:\programs_English_path\Maven\maven-repository\org\modelmapper\modelmapper\2.3.3\modelmapper-2.3.3.jar;D:\programs_English_path\Maven\maven-repository\com\auth0\java-jwt\3.6.0\java-jwt-3.6.0.jar;D:\programs_English_path\Maven\maven-repository\com\fasterxml\jackson\core\jackson-databind\2.9.8\jackson-databind-2.9.8.jar;D:\programs_English_path\Maven\maven-repository\com\fasterxml\jackson\core\jackson-annotations\2.9.0\jackson-annotations-2.9.0.jar;D:\programs_English_path\Maven\maven-repository\commons-codec\commons-codec\1.11\commons-codec-1.11.jar;D:\programs_English_path\Maven\maven-repository\org\projectlombok\lombok\1.18.8\lombok-1.18.8.jar;D:\programs_English_path\Maven\maven-repository\org\springframework\boot\spring-boot-devtools\2.1.2.RELEASE\spring-boot-devtools-2.1.2.RELEASE.jar;D:\programs_English_path\Maven\maven-repository\org\springframework\boot\spring-boot\2.1.2.RELEASE\spring-boot-2.1.2.RELEASE.jar;D:\programs_English_path\Maven\maven-repository\org\springframework\boot\spring-boot-autoconfigure\2.1.2.RELEASE\spring-boot-autoconfigure-2.1.2.RELEASE.jar;D:\programs_English_path\Maven\maven-repository\org\springframework\boot\spring-boot-configuration-processor\2.1.2.RELEASE\spring-boot-configuration-processor-2.1.2.RELEASE.jar;D:\programs_English_path\Maven\maven-repository\org\springframework\boot\spring-boot-starter-test\2.1.2.RELEASE\spring-boot-starter-test-2.1.2.RELEASE.jar;D:\programs_English_path\Maven\maven-repository\org\springframework\boot\spring-boot-test\2.1.2.RELEASE\spring-boot-test-2.1.2.RELEASE.jar;D:\programs_English_path\Maven\maven-repository\org\springframework\boot\spring-boot-test-autoconfigure\2.1.2.RELEASE\spring-boot-test-autoconfigure-2.1.2.RELEASE.jar;D:\programs_English_path\Maven\maven-repository\com\jayway\jsonpath\json-path\2.4.0\json-path-2.4.0.jar;D:\programs_English_path\Maven\maven-repository\net\minidev\json-smart\2.3\json-smart-2.3.jar;D:\programs_English_path\Maven\maven-repository\net\minidev\accessors-smart\1.2\accessors-smart-1.2.jar;D:\programs_English_path\Maven\maven-repository\org\ow2\asm\asm\5.0.4\asm-5.0.4.jar;D:\programs_English_path\Maven\maven-repository\junit\junit\4.12\junit-4.12.jar;D:\programs_English_path\Maven\maven-repository\org\assertj\assertj-core\3.11.1\assertj-core-3.11.1.jar;D:\programs_English_path\Maven\maven-repository\org\mockito\mockito-core\2.23.4\mockito-core-2.23.4.jar;D:\programs_English_path\Maven\maven-repository\net\bytebuddy\byte-buddy\1.9.7\byte-buddy-1.9.7.jar;D:\programs_English_path\Maven\maven-repository\net\bytebuddy\byte-buddy-agent\1.9.7\byte-buddy-agent-1.9.7.jar;D:\programs_English_path\Maven\maven-repository\org\objenesis\objenesis\2.6\objenesis-2.6.jar;D:\programs_English_path\Maven\maven-repository\org\hamcrest\hamcrest-core\1.3\hamcrest-core-1.3.jar;D:\programs_English_path\Maven\maven-repository\org\hamcrest\hamcrest-library\1.3\hamcrest-library-1.3.jar;D:\programs_English_path\Maven\maven-repository\org\skyscreamer\jsonassert\1.5.0\jsonassert-1.5.0.jar;D:\programs_English_path\Maven\maven-repository\org\springframework\spring-core\5.1.4.RELEASE\spring-core-5.1.4.RELEASE.jar;D:\programs_English_path\Maven\maven-repository\org\springframework\spring-jcl\5.1.4.RELEASE\spring-jcl-5.1.4.RELEASE.jar;D:\programs_English_path\Maven\maven-repository\org\springframework\spring-test\5.1.4.RELEASE\spring-test-5.1.4.RELEASE.jar;D:\programs_English_path\Maven\maven-repository\org\xmlunit\xmlunit-core\2.6.2\xmlunit-core-2.6.2.jar;"/>
    <property name="sun.cpu.endian" value="little"/>
    <property name="user.home" value="C:\Users\Lenovo"/>
    <property name="user.language" value="zh"/>
    <property name="java.specification.vendor" value="Oracle Corporation"/>
    <property name="java.home" value="E:\Java\Java\jre"/>
    <property name="basedir" value="D:\ASS\staffjoy-master\common-lib"/>
    <property name="file.separator" value="\"/>
    <property name="line.separator" value="&#10;"/>
    <property name="java.vm.specification.vendor" value="Oracle Corporation"/>
    <property name="java.specification.name" value="Java Platform API Specification"/>
    <property name="java.awt.graphicsenv" value="sun.awt.Win32GraphicsEnvironment"/>
    <property name="surefire.real.class.path" value="C:\Users\Lenovo\AppData\Local\Temp\surefire2712412487337132209\surefirebooter-20241016170537204_3.jar"/>
    <property name="sun.boot.class.path" value="E:\Java\Java\jre\lib\resources.jar;E:\Java\Java\jre\lib\rt.jar;E:\Java\Java\jre\lib\sunrsasign.jar;E:\Java\Java\jre\lib\jsse.jar;E:\Java\Java\jre\lib\jce.jar;E:\Java\Java\jre\lib\charsets.jar;E:\Java\Java\jre\lib\jfr.jar;E:\Java\Java\jre\classes"/>
    <property name="user.script" value=""/>
    <property name="sun.management.compiler" value="HotSpot 64-Bit Tiered Compilers"/>
    <property name="java.runtime.version" value="1.8.0_321-b07"/>
    <property name="user.name" value="Lenovo"/>
    <property name="path.separator" value=";"/>
    <property name="os.version" value="10.0"/>
    <property name="java.endorsed.dirs" value="E:\Java\Java\jre\lib\endorsed"/>
    <property name="java.runtime.name" value="Java(TM) SE Runtime Environment"/>
    <property name="file.encoding" value="GBK"/>
    <property name="java.vm.name" value="Java HotSpot(TM) 64-Bit Server VM"/>
    <property name="localRepository" value="D:\programs_English_path\Maven\maven-repository"/>
    <property name="java.vendor.url.bug" value="http://bugreport.sun.com/bugreport/"/>
    <property name="java.io.tmpdir" value="C:\Users\Lenovo\AppData\Local\Temp\"/>
    <property name="java.version" value="1.8.0_321"/>
    <property name="user.dir" value="D:\ASS\staffjoy-master\common-lib"/>
    <property name="os.arch" value="amd64"/>
    <property name="java.vm.specification.name" value="Java Virtual Machine Specification"/>
    <property name="java.awt.printerjob" value="sun.awt.windows.WPrinterJob"/>
    <property name="sun.os.patch.level" value=""/>
    <property name="java.library.path" value="E:\Java\Java\jre\bin;C:\windows\Sun\Java\bin;C:\windows\system32;C:\windows;C:\Program Files\NVIDIA GPU Computing Toolkit\CUDA\v11.7\bin;C:\Program Files\NVIDIA GPU Computing Toolkit\CUDA\v11.7\libnvvp;C:\Program Files\NVIDIA GPU Computing Toolkit\CUDA\v11.8\bin;C:\Program Files\NVIDIA GPU Computing Toolkit\CUDA\v11.8\libnvvp;D:\programs_English_path\cuda\NVIDIA GPU Computing Toolkit\v12.0\bin;D:\programs_English_path\cuda\NVIDIA GPU Computing Toolkit\v12.0\libnvvp;E:\Java\Java\bin;E:\Java\Java\bin;E:\Java\Java\jre\bin;C:\windows\system32;C:\windows;C:\windows\System32\Wbem;C:\windows\System32\WindowsPowerShell\v1.0\;C:\windows\System32\OpenSSH\;C:\Program Files (x86)\NVIDIA Corporation\PhysX\Common;D:\programs_English_path\MySQL\bin;%ANDROID%;D:\programs_English_path\platform-tools_r34.0.4-windows\platform-tools;D:\programs_English_path\cygwin64\bin;D:\programs_English_path\cygwin64\bin;D:\programs_English_path\cygwin64\sbin;D:\programs_English_path\Anaconda3;D:\programs_English_path\Anaconda3\Scripts;D:\programs_English_path\Anaconda3\Library\bin;D:\programs_English_path\Anaconda3\Library\mingw-w64\bin;C:\Program Files\NVIDIA Corporation\NVIDIA NvDLISR;D:\programs_English_path\cuda\NVIDIA GPU Computing Toolkit\v12.0\bin;D:\programs_English_path\cuda\NVIDIA GPU Computing Toolkit\v12.0\include;D:\programs_English_path\cuda\NVIDIA GPU Computing Toolkit\v12.0\lib;D:\programs_English_path\cuda\NVIDIA GPU Computing Toolkit\v12.0\libnvvp;C:\Program Files\Docker\Docker\resources\bin;D:\Windows Kits\10\Windows Performance Toolkit\;D:\programs_English_path\Notepad++;D:\programs_English_path\Git\cmd;C:\Program Files\NVIDIA Corporation\Nsight Compute 2022.2.1\;D:\programs_English_path\Maven\apache-maven-3.9.9-bin\apache-maven-3.9.9\bin;D:\programs_English_path\nodejs\;D:\programs_English_path\AWSCLIV2\;D:\programs_English_path\Xshell\;D:\programs_English_path\Maven\apache-maven-3.9.9-bin\apache-maven-3.9.9\bin;C:\windows\System32\Wbem;D:\programs_English_path\python\Python3.11\Scripts\;D:\programs_English_path\python\Python3.11\;C:\Users\Lenovo\AppData\Local\Programs\Python\Python39\Scripts\;C:\Users\Lenovo\AppData\Local\Programs\Python\Python39\;C:\Users\Lenovo\AppData\Local\Microsoft\WindowsApps;D:\programs_English_path\pycharm\PyCharm Community Edition 2021.2.4\bin;C:\Users\Lenovo\AppData\Local\JetBrains\Toolbox\scripts;D:\programs_English_path\vscode\Microsoft VS Code\bin;C:\Users\Lenovo\AppData\Roaming\npm;C:\Users\Lenovo\AppData\Local\GitHubDesktop\bin;%SystemRoot%\System32\Wbem;."/>
    <property name="java.vm.info" value="mixed mode"/>
    <property name="java.vendor" value="Oracle Corporation"/>
    <property name="java.vm.version" value="25.321-b07"/>
    <property name="java.ext.dirs" value="E:\Java\Java\jre\lib\ext;C:\windows\Sun\Java\lib\ext"/>
    <property name="sun.io.unicode.encoding" value="UnicodeLittle"/>
    <property name="java.class.version" value="52.0"/>
  </properties>
  <testcase name="testEmailToken" classname="xyz.staffjoy.common.crypto.SignTest" time="1.331"/>
</testsuite>